2025-06-11T00:07:58.548-05:00  INFO 20756 --- [integradorspringboot] [main] c.u.i.IntegradorspringbootApplication    : Starting IntegradorspringbootApplication using Java 21.0.7 with PID 20756 (C:\Users\user\Desktop\SistemaGestionClinicasVeterinarias\target\classes started by user in C:\Users\user\Desktop\SistemaGestionClinicasVeterinarias)
2025-06-11T00:07:58.557-05:00  INFO 20756 --- [integradorspringboot] [main] c.u.i.IntegradorspringbootApplication    : No active profile set, falling back to 1 default profile: "default"
2025-06-11T00:07:59.095-05:00  INFO 20756 --- [integradorspringboot] [main] .s.d.r.c.RepositoryConfigurationDelegate : Bootstrapping Spring Data JPA repositories in DEFAULT mode.
2025-06-11T00:07:59.145-05:00  INFO 20756 --- [integradorspringboot] [main] .s.d.r.c.RepositoryConfigurationDelegate : Finished Spring Data repository scanning in 42 ms. Found 4 JPA repository interfaces.
2025-06-11T00:07:59.525-05:00  INFO 20756 --- [integradorspringboot] [main] o.s.b.w.embedded.tomcat.TomcatWebServer  : Tomcat initialized with port 8081 (http)
2025-06-11T00:07:59.533-05:00  INFO 20756 --- [integradorspringboot] [main] o.apache.catalina.core.StandardService   : Starting service [Tomcat]
2025-06-11T00:07:59.533-05:00  INFO 20756 --- [integradorspringboot] [main] o.apache.catalina.core.StandardEngine    : Starting Servlet engine: [Apache Tomcat/10.1.20]
2025-06-11T00:07:59.585-05:00  INFO 20756 --- [integradorspringboot] [main] o.a.c.c.C.[Tomcat].[localhost].[/]       : Initializing Spring embedded WebApplicationContext
2025-06-11T00:07:59.586-05:00  INFO 20756 --- [integradorspringboot] [main] w.s.c.ServletWebServerApplicationContext : Root WebApplicationContext: initialization completed in 871 ms
2025-06-11T00:07:59.727-05:00  INFO 20756 --- [integradorspringboot] [main] o.hibernate.jpa.internal.util.LogHelper  : HHH000204: Processing PersistenceUnitInfo [name: default]
2025-06-11T00:07:59.777-05:00  INFO 20756 --- [integradorspringboot] [main] org.hibernate.Version                    : HHH000412: Hibernate ORM core version 6.4.4.Final
2025-06-11T00:07:59.805-05:00  INFO 20756 --- [integradorspringboot] [main] o.h.c.internal.RegionFactoryInitiator    : HHH000026: Second-level cache disabled
2025-06-11T00:07:59.975-05:00  INFO 20756 --- [integradorspringboot] [main] o.s.o.j.p.SpringPersistenceUnitInfo      : No LoadTimeWeaver setup: ignoring JPA class transformer
2025-06-11T00:07:59.995-05:00  INFO 20756 --- [integradorspringboot] [main] com.zaxxer.hikari.HikariDataSource       : HikariPool-1 - Starting...
2025-06-11T00:08:01.656-05:00  INFO 20756 --- [integradorspringboot] [main] com.zaxxer.hikari.pool.HikariPool        : HikariPool-1 - Added connection com.mysql.cj.jdbc.ConnectionImpl@6f1d799
2025-06-11T00:08:01.657-05:00  INFO 20756 --- [integradorspringboot] [main] com.zaxxer.hikari.HikariDataSource       : HikariPool-1 - Start completed.
2025-06-11T00:08:02.499-05:00  INFO 20756 --- [integradorspringboot] [main] o.h.e.t.j.p.i.JtaPlatformInitiator       : HHH000489: No JTA platform available (set 'hibernate.transaction.jta.platform' to enable JTA platform integration)
2025-06-11T00:08:02.502-05:00  INFO 20756 --- [integradorspringboot] [main] j.LocalContainerEntityManagerFactoryBean : Initialized JPA EntityManagerFactory for persistence unit 'default'
2025-06-11T00:08:02.506-05:00  INFO 20756 --- [integradorspringboot] [main] f.a.AutowiredAnnotationBeanPostProcessor : Autowired annotation should only be used on methods with parameters: public java.lang.String com.utp.integradorspringboot.AlumnosController.page()
2025-06-11T00:08:02.679-05:00  WARN 20756 --- [integradorspringboot] [main] JpaBaseConfiguration$JpaWebConfiguration : spring.jpa.open-in-view is enabled by default. Therefore, database queries may be performed during view rendering. Explicitly configure spring.jpa.open-in-view to disable this warning
2025-06-11T00:08:02.700-05:00  INFO 20756 --- [integradorspringboot] [main] o.s.b.a.w.s.WelcomePageHandlerMapping    : Adding welcome page: class path resource [static/index.html]
2025-06-11T00:08:02.995-05:00  INFO 20756 --- [integradorspringboot] [main] o.s.b.w.embedded.tomcat.TomcatWebServer  : Tomcat started on port 8081 (http) with context path ''
2025-06-11T00:08:03.001-05:00  INFO 20756 --- [integradorspringboot] [main] c.u.i.IntegradorspringbootApplication    : Started IntegradorspringbootApplication in 4.749 seconds (process running for 5.052)
2025-06-11T00:08:21.537-05:00  INFO 20756 --- [integradorspringboot] [http-nio-8081-exec-2] o.a.c.c.C.[Tomcat].[localhost].[/]       : Initializing Spring DispatcherServlet 'dispatcherServlet'
2025-06-11T00:08:21.538-05:00  INFO 20756 --- [integradorspringboot] [http-nio-8081-exec-2] o.s.web.servlet.DispatcherServlet        : Initializing Servlet 'dispatcherServlet'
2025-06-11T00:08:21.539-05:00  INFO 20756 --- [integradorspringboot] [http-nio-8081-exec-2] o.s.web.servlet.DispatcherServlet        : Completed initialization in 1 ms
